<?xml version="1.0" encoding="UTF-8"?>
<!-- Generated by org.testng.reporters.JUnitXMLReporter -->
<testsuite ignored="1" hostname="hp" failures="0" tests="1" name="Default test" time="16.393" errors="0" timestamp="01 Mar 2024 11:29:52 GMT">
  <testcase classname="com.sankalpa.MyHybridTestCases" name="verifyingLastNamewithPOM" time="3.969"/>
  <testcase classname="com.sankalpa.MyHybridTestCases" name="verifyingLastNamewithPropUtility" time="0.0">
    <ignored/>
  </testcase> <!-- verifyingLastNamewithPropUtility -->
</testsuite> <!-- Default test -->
