<?xml version="1.0" encoding="UTF-8"?>
<testng-results ignored="1" total="2" passed="1" failed="0" skipped="0">
  <reporter-output>
  </reporter-output>
  <suite started-at="2024-03-01T11:29:36Z" name="Default suite" finished-at="2024-03-01T11:29:52Z" duration-ms="16393">
    <groups>
    </groups>
    <test started-at="2024-03-01T11:29:36Z" name="Default test" finished-at="2024-03-01T11:29:52Z" duration-ms="16393">
      <class name="com.sankalpa.MyHybridTestCases">
        <test-method is-config="true" signature="setup()[pri:0, instance:com.sankalpa.MyHybridTestCases@c9d0d6]" started-at="2024-03-01T11:29:36Z" name="setup" finished-at="2024-03-01T11:29:47Z" duration-ms="11295" status="PASS">
          <reporter-output>
          </reporter-output>
        </test-method> <!-- setup -->
        <test-method signature="verifyingLastNamewithPOM()[pri:0, instance:com.sankalpa.MyHybridTestCases@c9d0d6]" started-at="2024-03-01T11:29:47Z" name="verifyingLastNamewithPOM" finished-at="2024-03-01T11:29:51Z" duration-ms="3969" status="PASS">
          <reporter-output>
          </reporter-output>
        </test-method> <!-- verifyingLastNamewithPOM -->
        <test-method is-config="true" signature="teardown()[pri:0, instance:com.sankalpa.MyHybridTestCases@c9d0d6]" started-at="2024-03-01T11:29:51Z" name="teardown" finished-at="2024-03-01T11:29:52Z" duration-ms="1099" status="PASS">
          <reporter-output>
          </reporter-output>
        </test-method> <!-- teardown -->
      </class> <!-- com.sankalpa.MyHybridTestCases -->
    </test> <!-- Default test -->
  </suite> <!-- Default suite -->
</testng-results>
